0 info it worked if it ends with ok
1 verbose cli [ '/usr/bin/node', '/usr/bin/npm', 'run', 'start' ]
2 info using npm@3.5.2
3 info using node@v8.10.0
4 verbose run-script [ 'prestart', 'start', 'poststart' ]
5 info lifecycle event-booking-api-with-graphql@1.0.0~prestart: event-booking-api-with-graphql@1.0.0
6 silly lifecycle event-booking-api-with-graphql@1.0.0~prestart: no script for prestart, continuing
7 info lifecycle event-booking-api-with-graphql@1.0.0~start: event-booking-api-with-graphql@1.0.0
8 verbose lifecycle event-booking-api-with-graphql@1.0.0~start: unsafe-perm in lifecycle true
9 verbose lifecycle event-booking-api-with-graphql@1.0.0~start: PATH: /usr/share/npm/bin/node-gyp-bin:/mnt/d/Study Material/Personal-Projects/Event-Booking-Api-With-GraphQL/node_modules/.bin:/home/vaibhavsethia07/.local/bin:/usr/local/sbin:/usr/local/bin:/usr/sbin:/usr/bin:/sbin:/bin:/usr/games:/usr/local/games:/mnt/c/Program Files (x86)/Common Files/Oracle/Java/javapath:/mnt/c/Python39/Scripts/:/mnt/c/Python39/:/mnt/c/Windows/system32:/mnt/c/Windows:/mnt/c/Windows/System32/Wbem:/mnt/c/Windows/System32/WindowsPowerShell/v1.0/:/mnt/c/Windows/System32/OpenSSH/:/mnt/c/Program Files (x86)/NVIDIA Corporation/PhysX/Common:/mnt/c/ProgramData/chocolatey/bin:/mnt/c/Users/Vaibhav Sethia/bin:/mnt/c/Users/Vaibhav Sethia/AppData/Local/Programs/Python/Python37/Scripts/:/mnt/c/Program Files/Git/cmd:/mnt/c/Users/Vaibhav Sethia/Downloads/Compressed/bin:/mnt/c/Users/Vaibhav Sethia/Downloads/Compressed/lib/gettext:/mnt/c/ProgramData/pbox:/mnt/c/Programs/Far:/mnt/c/Program Files (x86)/cpeditor/mingw64/bin:/mnt/c/Program Files/PuTTY/:/mnt/c/Program Files/Amazon/AWSCLIV2/:/mnt/c/Program Files/MySQL/MySQL Shell 8.0/bin/:/mnt/c/Users/Vaibhav Sethia/AppData/Local/Programs/Python/Python37/Scripts/:/mnt/c/Users/Vaibhav Sethia/AppData/Local/Programs/Python/Python37/:/mnt/c/Users/Vaibhav Sethia/AppData/Local/Programs/Microsoft VS Code/bin:/mnt/c/Program Files (x86)/cpeditor:/mnt/c/MinGW/bin:/mnt/c/Users/Vaibhav Sethia/Downloads/Compressed/mongodb-win32-x86_64-windows-4.4.6/bin:/mnt/c/Users/Vaibhav Sethia/Downloads/Compressed/apache-maven-3.8.1/bin:/mnt/c/Users/Vaibhav Sethia/AppData/Local/Programs/mongosh/:/snap/bin
10 verbose lifecycle event-booking-api-with-graphql@1.0.0~start: CWD: /mnt/d/Study Material/Personal-Projects/Event-Booking-Api-With-GraphQL
11 silly lifecycle event-booking-api-with-graphql@1.0.0~start: Args: [ '-c', 'nodemon app.js' ]
12 silly lifecycle event-booking-api-with-graphql@1.0.0~start: Returned: code: 1  signal: null
13 info lifecycle event-booking-api-with-graphql@1.0.0~start: Failed to exec start script
14 verbose stack Error: event-booking-api-with-graphql@1.0.0 start: `nodemon app.js`
14 verbose stack Exit status 1
14 verbose stack     at EventEmitter.<anonymous> (/usr/share/npm/lib/utils/lifecycle.js:232:16)
14 verbose stack     at emitTwo (events.js:126:13)
14 verbose stack     at EventEmitter.emit (events.js:214:7)
14 verbose stack     at ChildProcess.<anonymous> (/usr/share/npm/lib/utils/spawn.js:24:14)
14 verbose stack     at emitTwo (events.js:126:13)
14 verbose stack     at ChildProcess.emit (events.js:214:7)
14 verbose stack     at maybeClose (internal/child_process.js:925:16)
14 verbose stack     at Process.ChildProcess._handle.onexit (internal/child_process.js:209:5)
15 verbose pkgid event-booking-api-with-graphql@1.0.0
16 verbose cwd /mnt/d/Study Material/Personal-Projects/Event-Booking-Api-With-GraphQL
17 error Linux 4.4.0-18362-Microsoft
18 error argv "/usr/bin/node" "/usr/bin/npm" "run" "start"
19 error node v8.10.0
20 error npm  v3.5.2
21 error code ELIFECYCLE
22 error event-booking-api-with-graphql@1.0.0 start: `nodemon app.js`
22 error Exit status 1
23 error Failed at the event-booking-api-with-graphql@1.0.0 start script 'nodemon app.js'.
23 error Make sure you have the latest version of node.js and npm installed.
23 error If you do, this is most likely a problem with the event-booking-api-with-graphql package,
23 error not with npm itself.
23 error Tell the author that this fails on your system:
23 error     nodemon app.js
23 error You can get information on how to open an issue for this project with:
23 error     npm bugs event-booking-api-with-graphql
23 error Or if that isn't available, you can get their info via:
23 error     npm owner ls event-booking-api-with-graphql
23 error There is likely additional logging output above.
24 verbose exit [ 1, true ]
